Collection status has changed. 1
Warning: Can't find 32-bit pin tool. 32-bit processes will not be profiled.
Collection has been started.
Collection has stopped. Application exit code:  0
Finalizing results
Finalizing the result
Clearing the database
The database has been cleared, elapsed time is 0.270 seconds.
Loading raw data to the database
Loading 'systemcollector-202893-adroit4.sc' file
Loading '202893-202905.0.trace' file
Updating precomputed scalar metrics
Raw data has been loaded to the database, elapsed time is 0.130 seconds.
Processing profile metrics and debug information
Data transformations have been finished, elapsed time is 0.000 seconds.
Setting data model parameters
Resolving module symbols
Resolving information for `app-ICC'
Resolving information for `libc.so.6'
Warning: Cannot locate debugging information for file `/lib64/libc.so.6'.
Resolving bottom user stack information
Resolving thread name information
Resolving call target names for dynamic code
Symbol resolution has been finished, elapsed time is 0.119 seconds.
Processing profile metrics and debug information
Deferred data transformations have been finished, elapsed time is 0.008 seconds.
Setting data model parameters
Data model parameters have been set, elapsed time is 0.014 seconds.
Precomputing frequently used data
Precomputing frequently used data
Updating precomputed scalar metrics
Precomputing frequently used data has been finished, elapsed time is 0.060 seconds.
Discarding redundant overtime data
Saving the result
Redundant overtime data has been discarded, elapsed time is 0.017 seconds.
Raw collector data has been discarded, elapsed time is 0.000 seconds.
Finalizing the result took 0.636 seconds.
Preparing data for display of survey call tree
Resolving module symbols
Resolving information for dangling locations
Resolving bottom user stack information
Resolving thread name information
Resolving call target names for dynamic code
Precomputing frequently used data
