<?xml version="1.0" encoding="utf-8"?>
<log version="1.0" tool="runtool">

<msg id="1" tool="runtool">
  <type>log-start</type>
  <arg>2019/10/31 12:13:03</arg>
</msg>
<msg id="2" tool="runtool">
  <type>bandwidth-measurement-starts</type>
</msg>
<msg id="3" tool="runtool">
  <type>bandwidth-measurement-done</type>
</msg>
<msg id="4" tool="runtool">
  <type>collector-starts</type>
</msg>
<msg id="5" tool="runtool">
  <type>marker-file</type>
  <arg>/home/ebruun/Workshop/parallel_computing/Vectorization/nbody-advisor/e000/trc000/trc000.advixe</arg>
</msg>
<msg id="6" tool="trc">
  <type>PROCESS_START</type>
  <arg>/home/ebruun/Workshop/parallel_computing/Vectorization/app-ICC</arg>
  <arg>204089</arg>
  <severity>INFO</severity>
  <timestamp>Thu Oct 31 12:13:17 2019</timestamp>
</msg>
<msg id="7" tool="trc">
  <type>PROCESS_ANALYSIS_MODE</type>
  <arg>full</arg>
  <severity>INFO</severity>
  <timestamp>Thu Oct 31 12:13:17 2019</timestamp>
</msg>
<msg id="8" tool="trc">
  <type>LOAD_MODULE</type>
  <arg>/home/ebruun/Workshop/parallel_computing/Vectorization/app-ICC</arg>
  <arg>0x400000</arg>
  <arg>0x60678f</arg>
  <severity>INFO</severity>
  <timestamp>Thu Oct 31 12:13:17 2019</timestamp>
</msg>
<msg id="9" tool="trc">
  <type>LOAD_MODULE</type>
  <arg>/lib64/ld-linux-x86-64.so.2</arg>
  <arg>0x2b5fcfaba000</arg>
  <arg>0x2b5fcfcdd14f</arg>
  <severity>INFO</severity>
  <timestamp>Thu Oct 31 12:13:17 2019</timestamp>
</msg>
<msg id="10" tool="trc">
  <type>LOAD_MODULE</type>
  <arg>[vdso]</arg>
  <arg>0x7ffe98f94000</arg>
  <arg>0x7ffe98f94e6c</arg>
  <severity>INFO</severity>
  <timestamp>Thu Oct 31 12:13:17 2019</timestamp>
</msg>
<msg id="11" tool="trc">
  <type>LOAD_MODULE</type>
  <arg>/lib64/libstdc++.so.6</arg>
  <arg>0x2b5fe5415000</arg>
  <arg>0x2b5fe571c41f</arg>
  <severity>INFO</severity>
  <timestamp>Thu Oct 31 12:13:17 2019</timestamp>
</msg>
<msg id="12" tool="trc">
  <type>LOAD_MODULE</type>
  <arg>/lib64/libm.so.6</arg>
  <arg>0x2b5fe571d000</arg>
  <arg>0x2b5fe5a1e137</arg>
  <severity>INFO</severity>
  <timestamp>Thu Oct 31 12:13:17 2019</timestamp>
</msg>
<msg id="13" tool="trc">
  <type>LOAD_MODULE</type>
  <arg>/opt/intel/compilers_and_libraries_2019.3.199/linux/compiler/lib/intel64/libiomp5.so</arg>
  <arg>0x2b5fe5a1f000</arg>
  <arg>0x2b5fe5e137bf</arg>
  <severity>INFO</severity>
  <timestamp>Thu Oct 31 12:13:17 2019</timestamp>
</msg>
<msg id="14" tool="trc">
  <type>LOAD_MODULE</type>
  <arg>/lib64/libgcc_s.so.1</arg>
  <arg>0x2b5fe5e14000</arg>
  <arg>0x2b5fe60293ff</arg>
  <severity>INFO</severity>
  <timestamp>Thu Oct 31 12:13:17 2019</timestamp>
</msg>
<msg id="15" tool="trc">
  <type>LOAD_MODULE</type>
  <arg>/lib64/libpthread.so.0</arg>
  <arg>0x2b5fe602a000</arg>
  <arg>0x2b5fe6245487</arg>
  <severity>INFO</severity>
  <timestamp>Thu Oct 31 12:13:17 2019</timestamp>
</msg>
<msg id="16" tool="trc">
  <type>LOAD_MODULE</type>
  <arg>/lib64/libc.so.6</arg>
  <arg>0x2b5fe6246000</arg>
  <arg>0x2b5fe66131df</arg>
  <severity>INFO</severity>
  <timestamp>Thu Oct 31 12:13:17 2019</timestamp>
</msg>
<msg id="17" tool="trc">
  <type>LOAD_MODULE</type>
  <arg>/lib64/libdl.so.2</arg>
  <arg>0x2b5fe6614000</arg>
  <arg>0x2b5fe681712f</arg>
  <severity>INFO</severity>
  <timestamp>Thu Oct 31 12:13:17 2019</timestamp>
</msg>
<msg id="18" tool="trc">
  <type>UNLOAD_MODULE</type>
  <arg>/home/ebruun/Workshop/parallel_computing/Vectorization/app-ICC</arg>
  <severity>INFO</severity>
  <timestamp>Thu Oct 31 12:13:20 2019</timestamp>
</msg>
<msg id="19" tool="trc">
  <type>UNLOAD_MODULE</type>
  <arg>/lib64/ld-linux-x86-64.so.2</arg>
  <severity>INFO</severity>
  <timestamp>Thu Oct 31 12:13:20 2019</timestamp>
</msg>
<msg id="20" tool="trc">
  <type>UNLOAD_MODULE</type>
  <arg>[vdso]</arg>
  <severity>INFO</severity>
  <timestamp>Thu Oct 31 12:13:20 2019</timestamp>
</msg>
<msg id="21" tool="trc">
  <type>UNLOAD_MODULE</type>
  <arg>/lib64/libstdc++.so.6</arg>
  <severity>INFO</severity>
  <timestamp>Thu Oct 31 12:13:20 2019</timestamp>
</msg>
<msg id="22" tool="trc">
  <type>UNLOAD_MODULE</type>
  <arg>/lib64/libm.so.6</arg>
  <severity>INFO</severity>
  <timestamp>Thu Oct 31 12:13:20 2019</timestamp>
</msg>
<msg id="23" tool="trc">
  <type>UNLOAD_MODULE</type>
  <arg>/opt/intel/compilers_and_libraries_2019.3.199/linux/compiler/lib/intel64/libiomp5.so</arg>
  <severity>INFO</severity>
  <timestamp>Thu Oct 31 12:13:20 2019</timestamp>
</msg>
<msg id="24" tool="trc">
  <type>UNLOAD_MODULE</type>
  <arg>/lib64/libgcc_s.so.1</arg>
  <severity>INFO</severity>
  <timestamp>Thu Oct 31 12:13:20 2019</timestamp>
</msg>
<msg id="25" tool="trc">
  <type>UNLOAD_MODULE</type>
  <arg>/lib64/libpthread.so.0</arg>
  <severity>INFO</severity>
  <timestamp>Thu Oct 31 12:13:20 2019</timestamp>
</msg>
<msg id="26" tool="trc">
  <type>UNLOAD_MODULE</type>
  <arg>/lib64/libc.so.6</arg>
  <severity>INFO</severity>
  <timestamp>Thu Oct 31 12:13:20 2019</timestamp>
</msg>
<msg id="27" tool="trc">
  <type>UNLOAD_MODULE</type>
  <arg>/lib64/libdl.so.2</arg>
  <severity>INFO</severity>
  <timestamp>Thu Oct 31 12:13:20 2019</timestamp>
</msg>
<msg id="28" tool="trc">
  <type>PROCESS_FINISH</type>
  <arg>/home/ebruun/Workshop/parallel_computing/Vectorization/app-ICC</arg>
  <arg>204089</arg>
  <arg>0x0</arg>
  <severity>INFO</severity>
  <timestamp>Thu Oct 31 12:13:20 2019</timestamp>
</msg>
<msg id="29" tool="runtool">
  <type>app-exit-code</type>
  <arg>0</arg>
</msg>
<msg id="30" tool="runtool">
  <type>marker-file</type>
  <arg>/home/ebruun/Workshop/parallel_computing/Vectorization/nbody-advisor/e000/trc000/trc000.advixe</arg>
</msg>
<msg id="31" tool="runtool">
  <type>collector-done</type>
</msg>
<msg id="32" tool="runtool">
  <type>log-end</type>
  <arg>2019/10/31 12:13:24</arg>
</msg>

</log>

