<?xml version="1.0" encoding="utf-8" ?>
<!-- DO NOT EDIT THIS FILE -->

<log version='2.0' source='trc'>
	<msg id='1' display='false' source='trc'>
		<type>PROCESS_START</type>
		<severity>INFO</severity>
		<timestamp>Thu Oct 31 12:13:17 2019</timestamp>
		<arg name='process'>/home/ebruun/Workshop/parallel_computing/Vectorization/app-ICC</arg>
		<arg name='pid'>204089</arg>
	</msg>
	<!-- Instrumentation filter's state:
    Patterns applicability:
        Generic loop pattern.....................: enabled
        Generic loop pattern (with dynamic jumps): enabled
        Known trip value loop pattern............: enabled
        Runtime final value loop pattern.........: enabled
        No initial IV loop pattern...............: enabled
        IV step only loop pattern................: enabled
        No entry loop pattern....................: enabled
    Clustered memory model (CMM) applicability:
        Generic loop pattern.....................: enabled
        Generic loop pattern (with dynamic jumps): enabled
        Known trip value loop pattern............: enabled
        Runtime final value loop pattern.........: enabled
        No initial IV loop pattern...............: enabled
        IV step only loop pattern................: enabled
        No entry loop pattern....................: disabled
 -->
	<!-- Callstack mode:
    filter modules.........: true
    filter routines........: true
    count loops............: false
    count flops............: false
    trace..................: false
    extended trace.........: false
    omp trace..............: false
    failures trace.........: false
    dump raw...............: false
    dump final.............: false
    dump all...............: false
    stack stitching........: true
    stl profiling..........: false
    aggressive frame switch: true
    unwind frame exit......: true
 -->
	<!-- Managed application profiling: -->
	<!-- 	State...................: disabled -->
	<msg id='2' display='false' source='trc'>
		<type>PROCESS_ANALYSIS_MODE</type>
		<severity>INFO</severity>
		<timestamp>Thu Oct 31 12:13:17 2019</timestamp>
		<arg name='mode'>full</arg>
	</msg>
	<msg id='3' display='false' source='trc'>
		<type>LOAD_MODULE</type>
		<severity>INFO</severity>
		<timestamp>Thu Oct 31 12:13:17 2019</timestamp>
		<arg name='module'>/home/ebruun/Workshop/parallel_computing/Vectorization/app-ICC</arg>
		<arg name='basement'>0x400000</arg>
		<arg name='ceiling'>0x60678f</arg>
	</msg>
	<!-- Instrumenting image: id = 1, name = /home/ebruun/Workshop/parallel_computing/Vectorization/app-ICC -->
	<!-- Instrumenting loops in routine "main" -->
	<!-- Instrumenting loops in routine "_Z13MoveParticlesiR14ParticleArraysf" -->
	<msg id='4' display='false' source='trc'>
		<type>LOAD_MODULE</type>
		<severity>INFO</severity>
		<timestamp>Thu Oct 31 12:13:17 2019</timestamp>
		<arg name='module'>/lib64/ld-linux-x86-64.so.2</arg>
		<arg name='basement'>0x2b5fcfaba000</arg>
		<arg name='ceiling'>0x2b5fcfcdd14f</arg>
	</msg>
	<!-- Instrumentation of /lib64/ld-linux-x86-64.so.2 image skipped because of filter conditions [cs-mode]. -->
	<msg id='5' display='false' source='trc'>
		<type>LOAD_MODULE</type>
		<severity>INFO</severity>
		<timestamp>Thu Oct 31 12:13:17 2019</timestamp>
		<arg name='module'>[vdso]</arg>
		<arg name='basement'>0x7ffe98f94000</arg>
		<arg name='ceiling'>0x7ffe98f94e6c</arg>
	</msg>
	<!-- Instrumentation of [vdso] image skipped because of filter conditions [cs-mode]. -->
	<msg id='6' display='false' source='trc'>
		<type>LOAD_MODULE</type>
		<severity>INFO</severity>
		<timestamp>Thu Oct 31 12:13:17 2019</timestamp>
		<arg name='module'>/lib64/libstdc++.so.6</arg>
		<arg name='basement'>0x2b5fe5415000</arg>
		<arg name='ceiling'>0x2b5fe571c41f</arg>
	</msg>
	<!-- Instrumentation of /lib64/libstdc++.so.6 image skipped because of filter conditions [cs-mode]. -->
	<msg id='7' display='false' source='trc'>
		<type>LOAD_MODULE</type>
		<severity>INFO</severity>
		<timestamp>Thu Oct 31 12:13:17 2019</timestamp>
		<arg name='module'>/lib64/libm.so.6</arg>
		<arg name='basement'>0x2b5fe571d000</arg>
		<arg name='ceiling'>0x2b5fe5a1e137</arg>
	</msg>
	<!-- Instrumentation of /lib64/libm.so.6 image skipped because of filter conditions [cs-mode]. -->
	<msg id='8' display='false' source='trc'>
		<type>LOAD_MODULE</type>
		<severity>INFO</severity>
		<timestamp>Thu Oct 31 12:13:17 2019</timestamp>
		<arg name='module'>/opt/intel/compilers_and_libraries_2019.3.199/linux/compiler/lib/intel64/libiomp5.so</arg>
		<arg name='basement'>0x2b5fe5a1f000</arg>
		<arg name='ceiling'>0x2b5fe5e137bf</arg>
	</msg>
	<!-- Instrumentation of /opt/intel/compilers_and_libraries_2019.3.199/linux/compiler/lib/intel64/libiomp5.so image skipped because of filter conditions [cs-mode]. -->
	<msg id='9' display='false' source='trc'>
		<type>LOAD_MODULE</type>
		<severity>INFO</severity>
		<timestamp>Thu Oct 31 12:13:17 2019</timestamp>
		<arg name='module'>/lib64/libgcc_s.so.1</arg>
		<arg name='basement'>0x2b5fe5e14000</arg>
		<arg name='ceiling'>0x2b5fe60293ff</arg>
	</msg>
	<!-- Instrumentation of /lib64/libgcc_s.so.1 image skipped because of filter conditions [cs-mode]. -->
	<msg id='10' display='false' source='trc'>
		<type>LOAD_MODULE</type>
		<severity>INFO</severity>
		<timestamp>Thu Oct 31 12:13:17 2019</timestamp>
		<arg name='module'>/lib64/libpthread.so.0</arg>
		<arg name='basement'>0x2b5fe602a000</arg>
		<arg name='ceiling'>0x2b5fe6245487</arg>
	</msg>
	<!-- Instrumentation of /lib64/libpthread.so.0 image skipped because of filter conditions [cs-mode]. -->
	<msg id='11' display='false' source='trc'>
		<type>LOAD_MODULE</type>
		<severity>INFO</severity>
		<timestamp>Thu Oct 31 12:13:17 2019</timestamp>
		<arg name='module'>/lib64/libc.so.6</arg>
		<arg name='basement'>0x2b5fe6246000</arg>
		<arg name='ceiling'>0x2b5fe66131df</arg>
	</msg>
	<!-- Instrumentation of /lib64/libc.so.6 image skipped because of filter conditions [cs-mode]. -->
	<msg id='12' display='false' source='trc'>
		<type>LOAD_MODULE</type>
		<severity>INFO</severity>
		<timestamp>Thu Oct 31 12:13:17 2019</timestamp>
		<arg name='module'>/lib64/libdl.so.2</arg>
		<arg name='basement'>0x2b5fe6614000</arg>
		<arg name='ceiling'>0x2b5fe681712f</arg>
	</msg>
	<!-- Instrumentation of /lib64/libdl.so.2 image skipped because of filter conditions [cs-mode]. -->
	<msg id='13' display='false' source='trc'>
		<type>UNLOAD_MODULE</type>
		<severity>INFO</severity>
		<timestamp>Thu Oct 31 12:13:20 2019</timestamp>
		<arg name='module'>/home/ebruun/Workshop/parallel_computing/Vectorization/app-ICC</arg>
	</msg>
	<msg id='14' display='false' source='trc'>
		<type>UNLOAD_MODULE</type>
		<severity>INFO</severity>
		<timestamp>Thu Oct 31 12:13:20 2019</timestamp>
		<arg name='module'>/lib64/ld-linux-x86-64.so.2</arg>
	</msg>
	<msg id='15' display='false' source='trc'>
		<type>UNLOAD_MODULE</type>
		<severity>INFO</severity>
		<timestamp>Thu Oct 31 12:13:20 2019</timestamp>
		<arg name='module'>[vdso]</arg>
	</msg>
	<msg id='16' display='false' source='trc'>
		<type>UNLOAD_MODULE</type>
		<severity>INFO</severity>
		<timestamp>Thu Oct 31 12:13:20 2019</timestamp>
		<arg name='module'>/lib64/libstdc++.so.6</arg>
	</msg>
	<msg id='17' display='false' source='trc'>
		<type>UNLOAD_MODULE</type>
		<severity>INFO</severity>
		<timestamp>Thu Oct 31 12:13:20 2019</timestamp>
		<arg name='module'>/lib64/libm.so.6</arg>
	</msg>
	<msg id='18' display='false' source='trc'>
		<type>UNLOAD_MODULE</type>
		<severity>INFO</severity>
		<timestamp>Thu Oct 31 12:13:20 2019</timestamp>
		<arg name='module'>/opt/intel/compilers_and_libraries_2019.3.199/linux/compiler/lib/intel64/libiomp5.so</arg>
	</msg>
	<msg id='19' display='false' source='trc'>
		<type>UNLOAD_MODULE</type>
		<severity>INFO</severity>
		<timestamp>Thu Oct 31 12:13:20 2019</timestamp>
		<arg name='module'>/lib64/libgcc_s.so.1</arg>
	</msg>
	<msg id='20' display='false' source='trc'>
		<type>UNLOAD_MODULE</type>
		<severity>INFO</severity>
		<timestamp>Thu Oct 31 12:13:20 2019</timestamp>
		<arg name='module'>/lib64/libpthread.so.0</arg>
	</msg>
	<msg id='21' display='false' source='trc'>
		<type>UNLOAD_MODULE</type>
		<severity>INFO</severity>
		<timestamp>Thu Oct 31 12:13:20 2019</timestamp>
		<arg name='module'>/lib64/libc.so.6</arg>
	</msg>
	<msg id='22' display='false' source='trc'>
		<type>UNLOAD_MODULE</type>
		<severity>INFO</severity>
		<timestamp>Thu Oct 31 12:13:20 2019</timestamp>
		<arg name='module'>/lib64/libdl.so.2</arg>
	</msg>
	<msg id='23' display='false' source='trc'>
		<type>PROCESS_FINISH</type>
		<severity>INFO</severity>
		<timestamp>Thu Oct 31 12:13:20 2019</timestamp>
		<arg name='process'>/home/ebruun/Workshop/parallel_computing/Vectorization/app-ICC</arg>
		<arg name='pid'>204089</arg>
		<arg name='exitcode'>0x0</arg>
	</msg>
	<!-- Application exited with code 0 -->
</log>