18 [47299632091392] INFO perfrun.launcher <> - Launcher main begin
20 [47299632091392] INFO perfrun.launcher <> - MessageCatalogInit finished
20 [47299632091392] INFO perfrun.launcher <> - Launcher instance created
20 [47299632091392] INFO perfrun.launcher <> - argc = 6; cmdline = /opt/intel/advisor_2019.3.0.591490/bin64/advixe-runss --ui-output-format xml --ui-output-fd 28 --context-value-list 
41 [47299632091392] INFO perfrun.launcher <> - plugin remoteplug has been added successfully
41 [47299632091392] INFO perfrun.launcher <> - plugin system has been added successfully
41 [47299632091392] INFO perfrun.launcher <> - plugin  has been added successfully
41 [47299632091392] INFO perfrun.launcher <> - plugin  has been added successfully
41 [47299632091392] INFO perfrun.launcher <> - plugin  has been added successfully
41 [47299632091392] INFO perfrun.launcher <> - plugin  has been added successfully
41 [47299632091392] INFO perfrun.launcher <> - plugin  has been added successfully
41 [47299632091392] INFO perfrun.launcher <> - plugin  has been added successfully
41 [47299632091392] INFO perfrun.launcher <> - plugin mrte has been added successfully
41 [47299632091392] INFO perfrun.launcher <> - plugin  has been added successfully
41 [47299632091392] INFO perfrun.launcher <> - plugin  has been added successfully
41 [47299632091392] INFO perfrun.launcher <> - plugin  has been added successfully
44 [47299632091392] INFO perfrun.launcher <> - plugin  has been added successfully
44 [47299632091392] INFO perfrun.launcher <> - plugin  has been added successfully
44 [47299632091392] INFO perfrun.launcher <> - plugin  has been added successfully
44 [47299632091392] INFO perfrun.launcher <> - plugin tpss has been added successfully
44 [47299632091392] INFO perfrun.launcher <> - plugin  has been added successfully
44 [47299632091392] INFO perfrun.launcher <> - plugin  has been added successfully
44 [47299632091392] INFO perfrun.launcher <> - plugin  has been added successfully
44 [47299632091392] INFO perfrun.launcher <> - plugin  has been added successfully
44 [47299632091392] INFO perfrun.launcher <> - plugin  has been added successfully
44 [47299632091392] INFO perfrun.launcher <> - plugin  has been added successfully
48 [47299632091392] INFO perfrun.launcher <> - the option was added --interval: Specify an interval of data collection (for example, sampling) in milliseconds.
48 [47299632091392] INFO perfrun.launcher <> - the option was added --follow-child: Profile process with or without children.
48 [47299632091392] INFO perfrun.launcher <> - the option was added --gelding: BADMSG: perfrun1.launcher.plugin_manager::gelding
48 [47299632091392] INFO perfrun.launcher <> - the option was added --time-source: Specify time source for measurement. Possible values: sys - wall clock time; tsc - time stamp counter; ext - time from an external source; auto - auto select accurate time source.
48 [47299632091392] INFO perfrun.launcher <> - the option was added --stack: Enable or disable collection of stacks.
48 [47299632091392] INFO perfrun.launcher <> - the option was added --stack-stitching: Enable or disable the stack stitching algorithm for Intel TBB-based applications.
48 [47299632091392] INFO perfrun.launcher <> - the option was added --type: Specify type of data to be collected. For example, --type cpu:counters,waiting:nostack,io.
48 [47299632091392] INFO perfrun.launcher <> - the option was added --mrte-mode: Specify Java/.NET/other managed runtime collection mode. Possible values: native - collect information only for native code; managed - collect information only for managed code; mixed - collect information for both managed and native code; auto - choose the mode based on binary type.
48 [47299632091392] INFO perfrun.launcher <> - the option was added --mrte-mode-list: List supported Java/.NET/other managed runtime collection modes.
48 [47299632091392] INFO perfrun.launcher <> - the option was added --mrte-type: Specify which managed runtimes to collect. Possible values: java - collect information for Java; dotnet - collect information for .NET; python - collect information for CPython. You can specify several values separated by comma.
48 [47299632091392] INFO perfrun.launcher <> - the option was added --mrte-type-list: List supported Java/.NET/other managed runtime types.
48 [47299632091392] INFO perfrun.launcher <> - the option was added --trace-strategy: Specify how to profile a process tree. <string> can be "<process>:trace:notrace" - profile the process but do not profile its children. Shorthand parameters: t - trace, nt - notrace. For example, "vtunedemo.exe:t:t".
48 [47299632091392] INFO perfrun.launcher <> - the option was added --collector: BADMSG: perfrun1.launcher.plugin_manager::collector
48 [47299632091392] INFO perfrun.launcher <> - the option was added --system-wide: Enable system-wide profiling. This mode may require additional permissions.
49 [47299632091392] INFO perfrun.launcher <> - the option was added --kvm-guest: Enable KVM guest OS profiling.
49 [47299632091392] INFO perfrun.launcher <> - the option was added --kvm-guest-kallsyms: Specify a local path to the /proc/kallsyms file copied from the guest OS for proper symbol resolution.
49 [47299632091392] INFO perfrun.launcher <> - the option was added --kvm-guest-modules: Specify a local path to the /proc/modules file copied from the guest OS for proper symbol resolution.
49 [47299632091392] INFO perfrun.launcher <> - the option was added --dump-vdso: Dump [vdso] to result directory
49 [47299632091392] INFO perfrun.launcher <> - the option was added --bandwidth-limits: Measure bandwidth limits
49 [47299632091392] INFO perfrun.launcher <> - the option was added --bandwidth-strategy: Bandwidth limits determination specific properties (example: --bandwidth-strategy array-size=0,duration=500).
49 [47299632091392] INFO perfrun.launcher <> - the option was added --bandwidth-config: List of benchmarks to run.
49 [47299632091392] INFO perfrun.launcher <> - the option was added --system-collector-config: Specify subcollectors. Possible values: all, vdso, container, device-info, none.
49 [47299632091392] INFO perfrun.launcher <> - the option was added --stackwalk: Specify stack unwinding method. Possible values: online - unwind stacks during collection; offline - unwind stacks after collection is finished.
49 [47299632091392] INFO perfrun.launcher <> - the option was added --filter-include: Filter data during collection. Possible values: contended=<on|off> - filter out uncontended events; contended_nostack=<time> - filter out stacks for contended events that take less than <time> microseconds; wait=<time> - ignore transitions and blocks with wait time less than <time> microseconds; wait_nostack=<time> - filter out stacks for waits that take less than <time> microseconds.
49 [47299632091392] INFO perfrun.launcher <> - the option was added --debug-pin: Debug PIN tool and runtime.
49 [47299632091392] INFO perfrun.launcher <> - the option was added --debug-exception: Disallow the application to set own abnormal termination handler.
49 [47299632091392] INFO perfrun.launcher <> - the option was added --trace-type: Specify the trace file granularity. Possible values: per-thread - per-thread trace file generation; per-process - per-process trace file generation.
49 [47299632091392] INFO perfrun.launcher <> - the option was added --instrumentation-type: Specify type of instrumentation.
49 [47299632091392] INFO perfrun.launcher <> - the option was added --altstack: Enable or disable usage of altstacks for profiling signal handlers.
49 [47299632091392] INFO perfrun.launcher <> - the option was added --profiling-signal: Alternate profiling signal.
49 [47299632091392] INFO perfrun.launcher <> - the option was added --memory-strategy: Specify a minimal memory object size to be traced and a hash table size for faster objects search; for example: --memory-strategy obj-size-min=1024,hash-table-size=4096.
49 [47299632091392] INFO perfrun.launcher <> - the option was added --opencl-non-intel-mode: BADMSG: perfrun1.tpss::opencl-non-intel-mode
50 [47299632091392] INFO perfrun.launcher <> - create msngr2::ICliToolContext
50 [47299632091392] INFO perfrun.launcher <> - create file finder object
182 [47299632091392] INFO perfrun.launcher <> - Put into the variant bag the context value: name = targetOS; value = Linux
182 [47299632091392] INFO perfrun.launcher <> - Put into the variant bag the context value: name = OS; value = Linux
183 [47299632091392] INFO perfrun.launcher <> - Put into the variant bag the context value: name = OSBuildNumber; value = 0
183 [47299632091392] INFO perfrun.launcher <> - Put into the variant bag the context value: name = OSBitness; value = 64
183 [47299632091392] INFO perfrun.launcher <> - Put into the variant bag the context value: name = RootPrivileges; value = false
183 [47299632091392] INFO perfrun.launcher <> - Put into the variant bag the context value: name = isPtraceScopeLimited; value = false
183 [47299632091392] INFO perfrun.launcher <> - Put into the variant bag the context value: name = isTSXAvailable; value = true
183 [47299632091392] INFO perfrun.launcher <> - Put into the variant bag the context value: name = isHTEnabled; value = false
183 [47299632091392] INFO perfrun.launcher <> - Put into the variant bag the context value: name = fpgaOnBoard; value = None
183 [47299632091392] INFO perfrun.launcher <> - Put into the variant bag the context value: name = pciClassParts; value = 
183 [47299632091392] INFO perfrun.launcher <> - Put into the variant bag the context value: name = isSGXAvailable; value = false
183 [47299632091392] INFO perfrun.launcher <> - Put into the variant bag the context value: name = LinuxRelease; value = 3.10.0-1062.el7.x86_64
183 [47299632091392] INFO perfrun.launcher <> - Put into the variant bag the context value: name = IsNUMANodeWithoutCPUsPresent; value = false
183 [47299632091392] INFO perfrun.launcher <> - Put into the variant bag the context value: name = Hypervisor; value = None
184 [47299632091392] INFO perfrun.launcher <> - Put into the variant bag the context value: name = PerfmonVersion; value = 4
184 [47299632091392] INFO perfrun.launcher <> - Put into the variant bag the context value: name = isTPSSAvailable; value = true
184 [47299632091392] INFO perfrun.launcher <> - Put into the variant bag the context value: name = isPytraceAvailable; value = true
184 [47299632091392] INFO perfrun.launcher <> - Put into the variant bag the context value: name = isGENDebugInfoAvailable; value = false
184 [47299632091392] INFO perfrun.launcher <> - Put into the variant bag the context value: name = isGTPinCollectionAvailable; value = ErrorNotSupported
184 [47299632091392] INFO perfrun.launcher <> - Application exit code: 0
184 [47299632091392] INFO perfrun.launcher <> - Exit code: 0
