8 [47455675872768] INFO perfrun.launcher <> - Launcher main begin
10 [47455675872768] INFO perfrun.launcher <> - MessageCatalogInit finished
10 [47455675872768] INFO perfrun.launcher <> - Launcher instance created
10 [47455675872768] INFO perfrun.launcher <> - argc = 6; cmdline = /opt/intel/advisor_2019.3.0.591490/bin64/advixe-runss -dump-vdso -r /tmp/advixe-tmp-ebruun/advixe-res-202893-13021378231652090 --tmp-dir /tmp/advixe-tmp-ebruun 
19 [47455675872768] INFO perfrun.launcher <> - plugin remoteplug has been added successfully
19 [47455675872768] INFO perfrun.launcher <> - plugin system has been added successfully
19 [47455675872768] INFO perfrun.launcher <> - plugin  has been added successfully
19 [47455675872768] INFO perfrun.launcher <> - plugin  has been added successfully
19 [47455675872768] INFO perfrun.launcher <> - plugin  has been added successfully
19 [47455675872768] INFO perfrun.launcher <> - plugin  has been added successfully
19 [47455675872768] INFO perfrun.launcher <> - plugin  has been added successfully
19 [47455675872768] INFO perfrun.launcher <> - plugin  has been added successfully
19 [47455675872768] INFO perfrun.launcher <> - plugin mrte has been added successfully
19 [47455675872768] INFO perfrun.launcher <> - plugin  has been added successfully
19 [47455675872768] INFO perfrun.launcher <> - plugin  has been added successfully
19 [47455675872768] INFO perfrun.launcher <> - plugin  has been added successfully
22 [47455675872768] INFO perfrun.launcher <> - plugin  has been added successfully
22 [47455675872768] INFO perfrun.launcher <> - plugin  has been added successfully
22 [47455675872768] INFO perfrun.launcher <> - plugin  has been added successfully
22 [47455675872768] INFO perfrun.launcher <> - plugin tpss has been added successfully
22 [47455675872768] INFO perfrun.launcher <> - plugin  has been added successfully
22 [47455675872768] INFO perfrun.launcher <> - plugin  has been added successfully
22 [47455675872768] INFO perfrun.launcher <> - plugin  has been added successfully
22 [47455675872768] INFO perfrun.launcher <> - plugin  has been added successfully
22 [47455675872768] INFO perfrun.launcher <> - plugin  has been added successfully
22 [47455675872768] INFO perfrun.launcher <> - plugin  has been added successfully
22 [47455675872768] INFO perfrun.launcher <> - the option was added --interval: Specify an interval of data collection (for example, sampling) in milliseconds.
22 [47455675872768] INFO perfrun.launcher <> - the option was added --follow-child: Profile process with or without children.
22 [47455675872768] INFO perfrun.launcher <> - the option was added --gelding: BADMSG: perfrun1.launcher.plugin_manager::gelding
22 [47455675872768] INFO perfrun.launcher <> - the option was added --time-source: Specify time source for measurement. Possible values: sys - wall clock time; tsc - time stamp counter; ext - time from an external source; auto - auto select accurate time source.
22 [47455675872768] INFO perfrun.launcher <> - the option was added --stack: Enable or disable collection of stacks.
22 [47455675872768] INFO perfrun.launcher <> - the option was added --stack-stitching: Enable or disable the stack stitching algorithm for Intel TBB-based applications.
22 [47455675872768] INFO perfrun.launcher <> - the option was added --type: Specify type of data to be collected. For example, --type cpu:counters,waiting:nostack,io.
22 [47455675872768] INFO perfrun.launcher <> - the option was added --mrte-mode: Specify Java/.NET/other managed runtime collection mode. Possible values: native - collect information only for native code; managed - collect information only for managed code; mixed - collect information for both managed and native code; auto - choose the mode based on binary type.
22 [47455675872768] INFO perfrun.launcher <> - the option was added --mrte-mode-list: List supported Java/.NET/other managed runtime collection modes.
22 [47455675872768] INFO perfrun.launcher <> - the option was added --mrte-type: Specify which managed runtimes to collect. Possible values: java - collect information for Java; dotnet - collect information for .NET; python - collect information for CPython. You can specify several values separated by comma.
22 [47455675872768] INFO perfrun.launcher <> - the option was added --mrte-type-list: List supported Java/.NET/other managed runtime types.
22 [47455675872768] INFO perfrun.launcher <> - the option was added --trace-strategy: Specify how to profile a process tree. <string> can be "<process>:trace:notrace" - profile the process but do not profile its children. Shorthand parameters: t - trace, nt - notrace. For example, "vtunedemo.exe:t:t".
22 [47455675872768] INFO perfrun.launcher <> - the option was added --collector: BADMSG: perfrun1.launcher.plugin_manager::collector
22 [47455675872768] INFO perfrun.launcher <> - the option was added --system-wide: Enable system-wide profiling. This mode may require additional permissions.
22 [47455675872768] INFO perfrun.launcher <> - the option was added --kvm-guest: Enable KVM guest OS profiling.
22 [47455675872768] INFO perfrun.launcher <> - the option was added --kvm-guest-kallsyms: Specify a local path to the /proc/kallsyms file copied from the guest OS for proper symbol resolution.
23 [47455675872768] INFO perfrun.launcher <> - the option was added --kvm-guest-modules: Specify a local path to the /proc/modules file copied from the guest OS for proper symbol resolution.
23 [47455675872768] INFO perfrun.launcher <> - the option was added --dump-vdso: Dump [vdso] to result directory
23 [47455675872768] INFO perfrun.launcher <> - the option was added --bandwidth-limits: Measure bandwidth limits
23 [47455675872768] INFO perfrun.launcher <> - the option was added --bandwidth-strategy: Bandwidth limits determination specific properties (example: --bandwidth-strategy array-size=0,duration=500).
23 [47455675872768] INFO perfrun.launcher <> - the option was added --bandwidth-config: List of benchmarks to run.
23 [47455675872768] INFO perfrun.launcher <> - the option was added --system-collector-config: Specify subcollectors. Possible values: all, vdso, container, device-info, none.
23 [47455675872768] INFO perfrun.launcher <> - the option was added --stackwalk: Specify stack unwinding method. Possible values: online - unwind stacks during collection; offline - unwind stacks after collection is finished.
23 [47455675872768] INFO perfrun.launcher <> - the option was added --filter-include: Filter data during collection. Possible values: contended=<on|off> - filter out uncontended events; contended_nostack=<time> - filter out stacks for contended events that take less than <time> microseconds; wait=<time> - ignore transitions and blocks with wait time less than <time> microseconds; wait_nostack=<time> - filter out stacks for waits that take less than <time> microseconds.
23 [47455675872768] INFO perfrun.launcher <> - the option was added --debug-pin: Debug PIN tool and runtime.
23 [47455675872768] INFO perfrun.launcher <> - the option was added --debug-exception: Disallow the application to set own abnormal termination handler.
23 [47455675872768] INFO perfrun.launcher <> - the option was added --trace-type: Specify the trace file granularity. Possible values: per-thread - per-thread trace file generation; per-process - per-process trace file generation.
23 [47455675872768] INFO perfrun.launcher <> - the option was added --instrumentation-type: Specify type of instrumentation.
23 [47455675872768] INFO perfrun.launcher <> - the option was added --altstack: Enable or disable usage of altstacks for profiling signal handlers.
23 [47455675872768] INFO perfrun.launcher <> - the option was added --profiling-signal: Alternate profiling signal.
23 [47455675872768] INFO perfrun.launcher <> - the option was added --memory-strategy: Specify a minimal memory object size to be traced and a hash table size for faster objects search; for example: --memory-strategy obj-size-min=1024,hash-table-size=4096.
23 [47455675872768] INFO perfrun.launcher <> - the option was added --opencl-non-intel-mode: BADMSG: perfrun1.tpss::opencl-non-intel-mode
23 [47455675872768] INFO perfrun.launcher <> - create msngr2::ICliToolContext
24 [47455675872768] INFO perfrun.launcher <> - create file finder object
27 [47455781394176] INFO perfrun.launcher <> - plugin [remoteplug] was disabled because it doesn't support the given collection type.
27 [47455781394176] INFO perfrun.system <> - dumping [vdso] pseudomodule
28 [47455781394176] INFO perfrun.launcher <> - plugin [] was disabled because it doesn't support the given collection type.
28 [47455781394176] INFO perfrun.launcher <> - plugin [] was disabled because it doesn't support the given collection type.
28 [47455781394176] INFO perfrun.launcher <> - plugin [] was disabled because it doesn't support the given collection type.
28 [47455781394176] INFO perfrun.launcher <> - plugin [] was disabled because it doesn't support the given collection type.
28 [47455781394176] INFO perfrun.launcher <> - plugin [] was disabled because it doesn't support the given collection type.
28 [47455781394176] INFO perfrun.launcher <> - plugin [] was disabled because it doesn't support the given collection type.
28 [47455781394176] INFO perfrun.launcher <> - plugin [mrte] was disabled because it doesn't support the given collection type.
28 [47455781394176] INFO perfrun.launcher <> - plugin [] was disabled because it doesn't support the given collection type.
28 [47455781394176] INFO perfrun.launcher <> - plugin [] was disabled because it doesn't support the given collection type.
28 [47455781394176] INFO perfrun.launcher <> - plugin [] was disabled because it doesn't support the given collection type.
28 [47455781394176] INFO perfrun.launcher <> - plugin [] was disabled because it doesn't support the given collection type.
28 [47455781394176] INFO perfrun.launcher <> - plugin [] was disabled because it doesn't support the given collection type.
28 [47455781394176] INFO perfrun.launcher <> - plugin [] was disabled because it doesn't support the given collection type.
28 [47455781394176] INFO perfrun.launcher <> - plugin [tpss] was disabled because it doesn't support the given collection type.
28 [47455781394176] INFO perfrun.launcher <> - plugin [] was disabled because it doesn't support the given collection type.
28 [47455781394176] INFO perfrun.launcher <> - plugin [] was disabled because it doesn't support the given collection type.
28 [47455781394176] INFO perfrun.launcher <> - plugin [] was disabled because it doesn't support the given collection type.
28 [47455781394176] INFO perfrun.launcher <> - plugin [] was disabled because it doesn't support the given collection type.
28 [47455781394176] INFO perfrun.launcher <> - plugin [] was disabled because it doesn't support the given collection type.
28 [47455781394176] INFO perfrun.launcher <> - plugin [] was disabled because it doesn't support the given collection type.
28 [47455675872768] INFO perfrun.launcher <> - Application exit code: 0
28 [47455675872768] INFO perfrun.launcher <> - Exit code: 0
